\BOOKMARK [1][]{section.1}{Introduction}{}
\BOOKMARK [1][]{section.2}{User Interface Elements}{}
\BOOKMARK [1][]{section.3}{Experimental Design}{}
\BOOKMARK [2][]{subsection.3.1}{Tasks and Participants}{section.3}
\BOOKMARK [2][]{subsection.3.2}{Basic Interface Design}{section.3}
\BOOKMARK [2][]{subsection.3.3}{User Studies}{section.3}
\BOOKMARK [1][]{section.4}{Results and Discussion}{}
\BOOKMARK [2][]{subsection.4.1}{Student Workflow}{section.4}
\BOOKMARK [2][]{subsection.4.2}{Recognition Triggers}{section.4}
\BOOKMARK [2][]{subsection.4.3}{Separation/Annotation Tools}{section.4}
\BOOKMARK [2][]{subsection.4.4}{Feedback Mechanisms}{section.4}
\BOOKMARK [2][]{subsection.4.5}{Error Types}{section.4}
\BOOKMARK [1][]{section.5}{Implications for System Design}{}
\BOOKMARK [1][]{section.6}{Sketch-based Circuit Design User Interface}{}
\BOOKMARK [2][]{subsection.6.1}{Interface Overview}{section.6}
\BOOKMARK [2][]{subsection.6.2}{Design Justification}{section.6}
\BOOKMARK [2][]{subsection.6.3}{Evaluation of Circuit Design Interface}{section.6}
\BOOKMARK [1][]{section.7}{Related Work}{}
\BOOKMARK [1][]{section.8}{Future Work}{}
\BOOKMARK [1][]{section.9}{Conclusion}{}
\BOOKMARK [1][]{section.10}{Acknowledgements}{}
\BOOKMARK [1][]{section*.1}{References}{}
